<?xml version="1.0" encoding="UTF-8"?>
<testsuite xmlns:xsi="http://www.w3.org/2001/XMLSchema-instance" xsi:noNamespaceSchemaLocation="https://maven.apache.org/surefire/maven-surefire-plugin/xsd/surefire-test-report.xsd" version="3.0.2" name="com.example.mycoffeedemo.MyCoffeeDemoApplicationTests" time="7.614" tests="1" errors="0" skipped="0" failures="0">
  <properties>
[...]
</properties>
  <testcase name="contextLoads" classname="com.example.mycoffeedemo.MyCoffeeDemoApplicationTests" time="1.38">
    <system-out><![CDATA[17:03:24.584 [main] INFO org.springframework.test.context.support.AnnotationConfigContextLoaderUtils -- Could not detect default configuration classes for test class [com.example.mycoffeedemo.MyCoffeeDemoApplicationTests]: MyCoffeeDemoApplicationTests does not declare any static, non-private, non-final, nested classes annotated with @Configuration.
17:03:24.792 [main] INFO org.springframework.boot.test.context.SpringBootTestContextBootstrapper -- Found @SpringBootConfiguration com.example.mycoffeedemo.MyCoffeeDemoApplication for test class com.example.mycoffeedemo.MyCoffeeDemoApplicationTests

  .   ____          _            __ _ _
 /\\ / ___'_ __ _ _(_)_ __  __ _ \ \ \ \
( ( )\___ | '_ | '_| | '_ \/ _` | \ \ \ \
 \\/  ___)| |_)| | | | | || (_| |  ) ) ) )
  '  |____| .__|_| |_|_| |_\__, | / / / /
 =========|_|==============|___/=/_/_/_/

 :: Spring Boot ::                (v3.5.6)

2025-10-25T17:03:25.776+08:00  INFO 17624 --- [my-coffee-demo] [           main] c.e.m.MyCoffeeDemoApplicationTests       : Starting MyCoffeeDemoApplicationTests using Java 17.0.1 with PID 17624 (started by alienware in G:\java_page\coffee\my-coffee-demo)
2025-10-25T17:03:25.776+08:00 DEBUG 17624 --- [my-coffee-demo] [           main] c.e.m.MyCoffeeDemoApplicationTests       : Running with Spring Boot v3.5.6, Spring v6.2.11
2025-10-25T17:03:25.776+08:00  INFO 17624 --- [my-coffee-demo] [           main] c.e.m.MyCoffeeDemoApplicationTests       : No active profile set, falling back to 1 default profile: "default"
Logging initialized using 'class org.apache.ibatis.logging.stdout.StdOutImpl' adapter.
Initialization Sequence datacenterId:1 workerId:1
 _ _   |_  _ _|_. ___ _ |    _ 
| | |\/|_)(_| | |_\  |_)||_|_\ 
     /               |         
                        3.5.5 
2025-10-25T17:03:30.524+08:00  INFO 17624 --- [my-coffee-demo] [           main] c.e.m.MyCoffeeDemoApplicationTests       : Started MyCoffeeDemoApplicationTests in 5.408 seconds (process running for 7.636)
Creating a new SqlSession
SqlSession [org.apache.ibatis.session.defaults.DefaultSqlSession@124f207a] was not registered for synchronization because synchronization is not active
2025-10-25T17:03:30.718+08:00  INFO 17624 --- [my-coffee-demo] [   scheduling-1] com.zaxxer.hikari.HikariDataSource       : HikariPool-1 - Starting...
2025-10-25T17:03:31.446+08:00  INFO 17624 --- [my-coffee-demo] [   scheduling-1] com.zaxxer.hikari.pool.HikariPool        : HikariPool-1 - Added connection com.mysql.cj.jdbc.ConnectionImpl@6528fc72
2025-10-25T17:03:31.452+08:00  INFO 17624 --- [my-coffee-demo] [   scheduling-1] com.zaxxer.hikari.HikariDataSource       : HikariPool-1 - Start completed.
JDBC Connection [HikariProxyConnection@523728868 wrapping com.mysql.cj.jdbc.ConnectionImpl@6528fc72] will not be managed by Spring
==>  Preparing: SELECT id,user_id,address_id,total_price,status,trade_no,recipient_name,phone,full_address,expire_time,created_at,updated_at FROM orders WHERE (status = ? AND expire_time < ?)
==> Parameters: pending(String), 2025-10-25T17:03:30.527034500(LocalDateTime)
<==      Total: 0
Closing non transactional SqlSession [org.apache.ibatis.session.defaults.DefaultSqlSession@124f207a]
]]></system-out>
  </testcase>
</testsuite>